{"contracts\\Marketplace.sol":{"l":{},"path":"D:\\File_cua_Ty\\personal_prj\\NFT_Marketplace_HardHat\\NFT-Marketplace\\contracts\\Marketplace.sol","s":{},"b":{},"f":{},"fnMap":{},"statementMap":{},"branchMap":{}},"contracts\\NFT.sol":{"l":{"15":11,"16":11,"20":9,"21":9,"22":9,"23":9,"27":2,"28":2,"29":1},"path":"D:\\File_cua_Ty\\personal_prj\\NFT_Marketplace_HardHat\\NFT-Marketplace\\contracts\\NFT.sol","s":{"1":9,"2":9,"3":9,"4":2,"5":2,"6":1},"b":{"1":[1,1]},"f":{"1":11,"2":9,"3":2},"fnMap":{"1":{"name":"constructor","line":14,"loc":{"start":{"line":14,"column":4},"end":{"line":17,"column":4}}},"2":{"name":"mint","line":19,"loc":{"start":{"line":19,"column":3},"end":{"line":24,"column":4}}},"3":{"name":"tokenURI","line":26,"loc":{"start":{"line":26,"column":4},"end":{"line":30,"column":4}}}},"statementMap":{"1":{"start":{"line":20,"column":8},"end":{"line":20,"column":37}},"2":{"start":{"line":21,"column":8},"end":{"line":21,"column":37}},"3":{"start":{"line":23,"column":8},"end":{"line":23,"column":22}},"4":{"start":{"line":27,"column":8},"end":{"line":27,"column":42}},"5":{"start":{"line":28,"column":8},"end":{"line":28,"column":59}},"6":{"start":{"line":29,"column":8},"end":{"line":29,"column":83}}},"branchMap":{"1":{"line":28,"type":"if","locations":[{"start":{"line":28,"column":8},"end":{"line":28,"column":8}},{"start":{"line":28,"column":8},"end":{"line":28,"column":8}}]}}}}