{
"contracts\\Attacker.sol":{"l":{"13":1,"14":1,"15":1,"16":1,"21":1,"22":1},"path":"D:\\File_cua_Ty\\personal_prj\\NFT_Marketplace_HardHat\\NFT-Marketplace\\contracts\\Attacker.sol","s":{"1":1},"b":{},"f":{"1":1,"2":1},"fnMap":{"1":{"name":"constructor","line":12,"loc":{"start":{"line":12,"column":4},"end":{"line":17,"column":4}}},"2":{"name":"attack","line":20,"loc":{"start":{"line":20,"column":4},"end":{"line":23,"column":4}}}},"statementMap":{"1":{"start":{"line":22,"column":8},"end":{"line":22,"column":57}}},"branchMap":{}},
"contracts\\Marketplace.sol":{"l":{"14":45,"19":8,"20":5,"24":12,"25":9,"29":14,"30":12,"59":47,"61":46,"64":46,"67":45,"73":44,"76":43,"77":43,"78":43,"80":43,"81":43,"86":11,"87":11,"88":10,"91":9,"92":9,"93":9,"95":9,"96":9,"99":9,"100":9,"103":9,"106":9,"111":8,"112":8,"117":6,"118":6,"119":6,"124":3,"125":3,"127":2,"128":2,"133":2,"134":1,"139":11,"143":6,"149":3,"150":2,"151":2,"152":2,"157":15,"158":16,"159":15,"160":15,"161":15},"path":"D:\\File_cua_Ty\\personal_prj\\NFT_Marketplace_HardHat\\NFT-Marketplace\\contracts\\Marketplace.sol","s":{"1":8,"2":12,"3":14,"4":47,"5":46,"6":46,"7":45,"8":44,"9":43,"10":43,"11":43,"12":11,"13":11,"14":10,"15":9,"16":9,"17":9,"18":9,"19":9,"20":9,"21":9,"22":8,"23":8,"24":6,"25":6,"26":3,"27":3,"28":2,"29":2,"30":1,"31":11,"32":6,"33":3,"34":2,"35":2,"36":15,"37":16,"38":15},"b":{"1":[5,3],"2":[9,3],"3":[12,2],"4":[46,1],"5":[45,1],"6":[44,1],"7":[44,0],"8":[43,1],"9":[11,0],"10":[10,1],"11":[9,1],"12":[8,1],"13":[6,2],"14":[4,1],"15":[3,1],"16":[2,1],"17":[2,2],"18":[1,1],"19":[3,1],"20":[2,1],"21":[15,1]},"f":{"1":45,"2":8,"3":12,"4":14,"5":47,"6":11,"7":6,"8":3,"9":2,"10":11,"11":6,"12":3,"13":15},"fnMap":{"1":{"name":"constructor","line":13,"loc":{"start":{"line":13,"column":4},"end":{"line":15,"column":4}}},"2":{"name":"onlyAdmin","line":18,"loc":{"start":{"line":18,"column":4},"end":{"line":21,"column":4}}},"3":{"name":"onlySeller","line":23,"loc":{"start":{"line":23,"column":4},"end":{"line":26,"column":4}}},"4":{"name":"listingExists","line":28,"loc":{"start":{"line":28,"column":4},"end":{"line":31,"column":4}}},"5":{"name":"listNFT","line":58,"loc":{"start":{"line":58,"column":4},"end":{"line":82,"column":4}}},"6":{"name":"buyNFT","line":85,"loc":{"start":{"line":85,"column":4},"end":{"line":113,"column":4}}},"7":{"name":"cancelListing","line":116,"loc":{"start":{"line":116,"column":4},"end":{"line":120,"column":4}}},"8":{"name":"updateListing","line":123,"loc":{"start":{"line":123,"column":4},"end":{"line":129,"column":4}}},"9":{"name":"withdrawTo","line":132,"loc":{"start":{"line":132,"column":4},"end":{"line":135,"column":4}}},"10":{"name":"getListing","line":138,"loc":{"start":{"line":138,"column":4},"end":{"line":140,"column":4}}},"11":{"name":"getAllListings","line":142,"loc":{"start":{"line":142,"column":4},"end":{"line":144,"column":4}}},"12":{"name":"setPlatformFee","line":148,"loc":{"start":{"line":148,"column":4},"end":{"line":153,"column":4}}},"13":{"name":"_removeListingFromList","line":156,"loc":{"start":{"line":156,"column":4},"end":{"line":164,"column":4}}}},"statementMap":{"1":{"start":{"line":19,"column":8},"end":{"line":19,"column":48}},"2":{"start":{"line":24,"column":8},"end":{"line":24,"column":83}},"3":{"start":{"line":29,"column":8},"end":{"line":29,"column":85}},"4":{"start":{"line":59,"column":8},"end":{"line":59,"column":57}},"5":{"start":{"line":61,"column":8},"end":{"line":61,"column":43}},"6":{"start":{"line":64,"column":8},"end":{"line":64,"column":76}},"7":{"start":{"line":67,"column":8},"end":{"line":67,"column":2250}},"8":{"start":{"line":73,"column":8},"end":{"line":73,"column":74}},"9":{"start":{"line":77,"column":8},"end":{"line":77,"column":56}},"10":{"start":{"line":80,"column":8},"end":{"line":80,"column":48}},"11":{"start":{"line":81,"column":8},"end":{"line":81,"column":62}},"12":{"start":{"line":86,"column":8},"end":{"line":86,"column":52}},"13":{"start":{"line":87,"column":8},"end":{"line":87,"column":44}},"14":{"start":{"line":88,"column":8},"end":{"line":88,"column":58}},"15":{"start":{"line":91,"column":8},"end":{"line":91,"column":66}},"16":{"start":{"line":92,"column":8},"end":{"line":92,"column":46}},"17":{"start":{"line":95,"column":8},"end":{"line":95,"column":36}},"18":{"start":{"line":96,"column":8},"end":{"line":96,"column":34}},"19":{"start":{"line":100,"column":8},"end":{"line":100,"column":43}},"20":{"start":{"line":103,"column":8},"end":{"line":103,"column":45}},"21":{"start":{"line":106,"column":8},"end":{"line":106,"column":65}},"22":{"start":{"line":111,"column":8},"end":{"line":111,"column":45}},"23":{"start":{"line":112,"column":8},"end":{"line":112,"column":61}},"24":{"start":{"line":118,"column":8},"end":{"line":118,"column":43}},"25":{"start":{"line":119,"column":8},"end":{"line":119,"column":54}},"26":{"start":{"line":124,"column":8},"end":{"line":124,"column":53}},"27":{"start":{"line":125,"column":8},"end":{"line":125,"column":45}},"28":{"start":{"line":128,"column":8},"end":{"line":128,"column":63}},"29":{"start":{"line":133,"column":8},"end":{"line":133,"column":51}},"30":{"start":{"line":134,"column":8},"end":{"line":134,"column":50}},"31":{"start":{"line":139,"column":8},"end":{"line":139,"column":44}},"32":{"start":{"line":143,"column":8},"end":{"line":143,"column":27}},"33":{"start":{"line":149,"column":8},"end":{"line":149,"column":59}},"34":{"start":{"line":150,"column":8},"end":{"line":150,"column":47}},"35":{"start":{"line":152,"column":8},"end":{"line":152,"column":58}},"36":{"start":{"line":157,"column":8},"end":{"line":157,"column":5656}},"37":{"start":{"line":158,"column":12},"end":{"line":158,"column":5725}},"38":{"start":{"line":160,"column":16},"end":{"line":160,"column":33}}},"branchMap":{"1":{"line":19,"type":"if","locations":[{"start":{"line":19,"column":8},"end":{"line":19,"column":8}},{"start":{"line":19,"column":8},"end":{"line":19,"column":8}}]},"2":{"line":24,"type":"if","locations":[{"start":{"line":24,"column":8},"end":{"line":24,"column":8}},{"start":{"line":24,"column":8},"end":{"line":24,"column":8}}]},"3":{"line":29,"type":"if","locations":[{"start":{"line":29,"column":8},"end":{"line":29,"column":8}},{"start":{"line":29,"column":8},"end":{"line":29,"column":8}}]},"4":{"line":59,"type":"if","locations":[{"start":{"line":59,"column":8},"end":{"line":59,"column":8}},{"start":{"line":59,"column":8},"end":{"line":59,"column":8}}]},"5":{"line":64,"type":"if","locations":[{"start":{"line":64,"column":8},"end":{"line":64,"column":8}},{"start":{"line":64,"column":8},"end":{"line":64,"column":8}}]},"6":{"line":67,"type":"if","locations":[{"start":{"line":67,"column":8},"end":{"line":67,"column":8}},{"start":{"line":67,"column":8},"end":{"line":67,"column":8}}]},"7":{"line":68,"type":"cond-expr","locations":[{"start":{"line":68,"column":12},"end":{"line":68,"column":54}},{"start":{"line":68,"column":59},"end":{"line":68,"column":107}}]},"8":{"line":73,"type":"if","locations":[{"start":{"line":73,"column":8},"end":{"line":73,"column":8}},{"start":{"line":73,"column":8},"end":{"line":73,"column":8}}]},"9":{"line":85,"type":"if","locations":[{"start":{"line":85,"column":67},"end":{"line":85,"column":67}},{"start":{"line":85,"column":67},"end":{"line":85,"column":67}}]},"10":{"line":87,"type":"if","locations":[{"start":{"line":87,"column":8},"end":{"line":87,"column":8}},{"start":{"line":87,"column":8},"end":{"line":87,"column":8}}]},"11":{"line":88,"type":"if","locations":[{"start":{"line":88,"column":8},"end":{"line":88,"column":8}},{"start":{"line":88,"column":8},"end":{"line":88,"column":8}}]},"12":{"line":116,"type":"if","locations":[{"start":{"line":116,"column":66},"end":{"line":116,"column":66}},{"start":{"line":116,"column":66},"end":{"line":116,"column":66}}]},"13":{"line":116,"type":"if","locations":[{"start":{"line":116,"column":94},"end":{"line":116,"column":94}},{"start":{"line":116,"column":94},"end":{"line":116,"column":94}}]},"14":{"line":123,"type":"if","locations":[{"start":{"line":123,"column":84},"end":{"line":123,"column":84}},{"start":{"line":123,"column":84},"end":{"line":123,"column":84}}]},"15":{"line":123,"type":"if","locations":[{"start":{"line":123,"column":112},"end":{"line":123,"column":112}},{"start":{"line":123,"column":112},"end":{"line":123,"column":112}}]},"16":{"line":125,"type":"if","locations":[{"start":{"line":125,"column":8},"end":{"line":125,"column":8}},{"start":{"line":125,"column":8},"end":{"line":125,"column":8}}]},"17":{"line":132,"type":"if","locations":[{"start":{"line":132,"column":45},"end":{"line":132,"column":45}},{"start":{"line":132,"column":45},"end":{"line":132,"column":45}}]},"18":{"line":133,"type":"if","locations":[{"start":{"line":133,"column":8},"end":{"line":133,"column":8}},{"start":{"line":133,"column":8},"end":{"line":133,"column":8}}]},"19":{"line":148,"type":"if","locations":[{"start":{"line":148,"column":64},"end":{"line":148,"column":64}},{"start":{"line":148,"column":64},"end":{"line":148,"column":64}}]},"20":{"line":149,"type":"if","locations":[{"start":{"line":149,"column":8},"end":{"line":149,"column":8}},{"start":{"line":149,"column":8},"end":{"line":149,"column":8}}]},"21":{"line":158,"type":"if","locations":[{"start":{"line":158,"column":12},"end":{"line":158,"column":12}},{"start":{"line":158,"column":12},"end":{"line":158,"column":12}}]}}},
"contracts\\NFT.sol":{"l":{"15":57,"16":57,"20":58,"21":58,"22":58,"23":58,"27":2,"28":2,"30":1,"31":1},"path":"D:\\File_cua_Ty\\personal_prj\\NFT_Marketplace_HardHat\\NFT-Marketplace\\contracts\\NFT.sol","s":{"1":58,"2":58,"3":58,"4":2,"5":2,"6":1,"7":1},"b":{"1":[1,1]},"f":{"1":57,"2":58,"3":2},"fnMap":{"1":{"name":"constructor","line":14,"loc":{"start":{"line":14,"column":4},"end":{"line":17,"column":4}}},"2":{"name":"mint","line":19,"loc":{"start":{"line":19,"column":3},"end":{"line":24,"column":4}}},"3":{"name":"tokenURI","line":26,"loc":{"start":{"line":26,"column":4},"end":{"line":32,"column":4}}}},"statementMap":{"1":{"start":{"line":20,"column":8},"end":{"line":20,"column":37}},"2":{"start":{"line":21,"column":8},"end":{"line":21,"column":37}},"3":{"start":{"line":23,"column":8},"end":{"line":23,"column":22}},"4":{"start":{"line":27,"column":8},"end":{"line":27,"column":42}},"5":{"start":{"line":28,"column":8},"end":{"line":28,"column":59}},"6":{"start":{"line":30,"column":8},"end":{"line":30,"column":40}},"7":{"start":{"line":31,"column":8},"end":{"line":31,"column":92}}},"branchMap":{"1":{"line":28,"type":"if","locations":[{"start":{"line":28,"column":8},"end":{"line":28,"column":8}},{"start":{"line":28,"column":8},"end":{"line":28,"column":8}}]}}}}
