TN:
SF:D:\File_cua_Ty\personal_prj\NFT_Marketplace_HardHat\NFT-Marketplace\contracts\Attacker.sol
FN:12,constructor
FN:20,attack
FNF:2
FNH:2
FNDA:1,constructor
FNDA:1,attack
DA:13,1
DA:14,1
DA:15,1
DA:16,1
DA:21,1
DA:22,1
LF:6
LH:6
BRF:0
BRH:0
end_of_record
TN:
SF:D:\File_cua_Ty\personal_prj\NFT_Marketplace_HardHat\NFT-Marketplace\contracts\Marketplace.sol
FN:13,constructor
FN:18,onlyAdmin
FN:23,onlySeller
FN:28,listingExists
FN:58,listNFT
FN:85,buyNFT
FN:116,cancelListing
FN:123,updateListing
FN:132,withdrawTo
FN:138,getListing
FN:142,getAllListings
FN:148,setPlatformFee
FN:156,_removeListingFromList
FNF:13
FNH:13
FNDA:45,constructor
FNDA:8,onlyAdmin
FNDA:12,onlySeller
FNDA:14,listingExists
FNDA:47,listNFT
FNDA:11,buyNFT
FNDA:6,cancelListing
FNDA:3,updateListing
FNDA:2,withdrawTo
FNDA:11,getListing
FNDA:6,getAllListings
FNDA:3,setPlatformFee
FNDA:15,_removeListingFromList
DA:14,45
DA:19,8
DA:20,5
DA:24,12
DA:25,9
DA:29,14
DA:30,12
DA:59,47
DA:61,46
DA:64,46
DA:67,45
DA:73,44
DA:76,43
DA:77,43
DA:78,43
DA:80,43
DA:81,43
DA:86,11
DA:87,11
DA:88,10
DA:91,9
DA:92,9
DA:93,9
DA:95,9
DA:96,9
DA:99,9
DA:100,9
DA:103,9
DA:106,9
DA:111,8
DA:112,8
DA:117,6
DA:118,6
DA:119,6
DA:124,3
DA:125,3
DA:127,2
DA:128,2
DA:133,2
DA:134,1
DA:139,11
DA:143,6
DA:149,3
DA:150,2
DA:151,2
DA:152,2
DA:157,15
DA:158,16
DA:159,15
DA:160,15
DA:161,15
LF:51
LH:51
BRDA:19,1,0,5
BRDA:19,1,1,3
BRDA:24,2,0,9
BRDA:24,2,1,3
BRDA:29,3,0,12
BRDA:29,3,1,2
BRDA:59,4,0,46
BRDA:59,4,1,1
BRDA:64,5,0,45
BRDA:64,5,1,1
BRDA:67,6,0,44
BRDA:67,6,1,1
BRDA:68,7,0,44
BRDA:68,7,1,0
BRDA:73,8,0,43
BRDA:73,8,1,1
BRDA:85,9,0,11
BRDA:85,9,1,0
BRDA:87,10,0,10
BRDA:87,10,1,1
BRDA:88,11,0,9
BRDA:88,11,1,1
BRDA:116,12,0,8
BRDA:116,12,1,1
BRDA:116,13,0,6
BRDA:116,13,1,2
BRDA:123,14,0,4
BRDA:123,14,1,1
BRDA:123,15,0,3
BRDA:123,15,1,1
BRDA:125,16,0,2
BRDA:125,16,1,1
BRDA:132,17,0,2
BRDA:132,17,1,2
BRDA:133,18,0,1
BRDA:133,18,1,1
BRDA:148,19,0,3
BRDA:148,19,1,1
BRDA:149,20,0,2
BRDA:149,20,1,1
BRDA:158,21,0,15
BRDA:158,21,1,1
BRF:42
BRH:40
end_of_record
TN:
SF:D:\File_cua_Ty\personal_prj\NFT_Marketplace_HardHat\NFT-Marketplace\contracts\NFT.sol
FN:14,constructor
FN:19,mint
FN:26,tokenURI
FNF:3
FNH:3
FNDA:57,constructor
FNDA:58,mint
FNDA:2,tokenURI
DA:15,57
DA:16,57
DA:20,58
DA:21,58
DA:22,58
DA:23,58
DA:27,2
DA:28,2
DA:30,1
DA:31,1
LF:10
LH:10
BRDA:28,1,0,1
BRDA:28,1,1,1
BRF:2
BRH:2
end_of_record
